classname	QC;CnotQ;QnotC;notCnotQ	p_value	q_value
meo:MEO_0000088	16;1322;41;171980	6.249283638404343e-21	5.005676194361879e-18
meo:MEO_0000007	22;11829;35;161473	7.533581343309652e-12	3.0171993279955156e-09
meo:MEO_0000074	4;17;53;173285	6.256148245129413e-11	1.6703915814495534e-08
meo:MEO_0001231	3;1;54;173301	1.3475733901387588e-10	2.6985157137528644e-08
meo:MEO_0001238	2;0;55;173302	1.0621175905685564e-07	1.7015123800908275e-05
meo:MEO_0000013	4;278;53;173024	2.5295556909108127e-06	0.0003376956847365935
meo:MEO_0000004	7;3341;50;169961	0.00011315723321837304	0.012948420543988114
meo:MEO_0000006	3;472;54;172830	0.0005358041766176084	0.053647393183838044
meo:MEO_0000338	2;122;55;173180	0.0007893627939836751	0.07025328866454708
meo:MEO_0001235	1;2;56;173300	0.0009860737979569378	0.07517065443549222
meo:MEO_0001495	2;140;55;173162	0.001032306115843214	0.07517065443549222
meo:MEO_0000040	3;623;54;172679	0.0011859981349708877	0.07916537550930676
meo:MEO_0000002	3;963;54;172339	0.0040349480670529864	0.24861487705457244
meo:MEO_0000737	2;374;55;172928	0.006920642832572194	0.3959596363493091
meo:MEO_0000038	3;1369;54;171933	0.010537296715274487	0.5626916445956576
meo:MEO_0000855	1;79;56;173223	0.02597092020535715	1.0
meo:MEO_0000838	2;820;55;172482	0.030180226281819822	1.0
meo:MEO_0000066	3;2052;54;171250	0.030306047536706612	1.0
meo:MEO_0000024	2;1018;55;172284	0.04461430623711857	1.0
meo:MEO_0000014	1;306;56;172996	0.09610912681163471	1.0
meo:MEO_0000118	1;336;56;172966	0.10499906889641908	1.0
meo:MEO_0000694	1;391;56;172911	0.12107474378202503	1.0
meo:MEO_0000035	1;442;56;172860	0.13572760864962807	1.0
meo:MEO_0000912	1;604;56;172698	0.18069809109589197	1.0
meo:MEO_0000082	1;646;56;172656	0.19197672850238554	1.0
meo:MEO_0000046	1;706;56;172596	0.20782489768173898	1.0
meo:MEO_0000041	2;3245;55;170057	0.28932185902971436	1.0
meo:MEO_0000036	3;5991;54;167311	0.31525238644883713	1.0
meo:MEO_0001249	1;1212;56;172090	0.32987972951198036	1.0
meo:MEO_0000482	1;1678;56;171624	0.4258311287606081	1.0
meo:MEO_0000406	1;1970;56;171332	0.4789336617654416	1.0
meo:MEO_0000817	1;2037;56;171265	0.4904201363583329	1.0
meo:MEO_0001240	1;2803;56;170499	0.605303004942991	1.0
meo:MEO_0000158	1;4353;56;168949	0.765454500081315	1.0
meo:MEO_0000023	1;4378;56;168924	0.767424273911834	1.0
meo:MEO_0000837	1;10911;56;162391	0.9754329166136245	1.0
meo:MEO_0000466	4;31518;53;141784	0.995551054178823	1.0
meo:MEO_0001305	5;48727;52;124575	0.9999240969051535	1.0
meo:MEO_0000054	2;41277;55;132025	0.9999965229620824	1.0
http://www.w3.org/2002/07/owl#Thing	0;61;57;173241	1.0	1.0
meo:MEO_0000001	0;18;57;173284	1.0	1.0
meo:MEO_0000009	0;3;57;173299	1.0	1.0
meo:MEO_0000010	0;14;57;173288	1.0	1.0
meo:MEO_0000011	0;9;57;173293	1.0	1.0
meo:MEO_0000012	0;16;57;173286	1.0	1.0
meo:MEO_0000016	0;7;57;173295	1.0	1.0
meo:MEO_0000017	0;25;57;173277	1.0	1.0
meo:MEO_0000018	0;504;57;172798	1.0	1.0
meo:MEO_0000019	0;24;57;173278	1.0	1.0
meo:MEO_0000021	0;2;57;173300	1.0	1.0
meo:MEO_0000022	0;677;57;172625	1.0	1.0
meo:MEO_0000025	0;174;57;173128	1.0	1.0
meo:MEO_0000026	0;247;57;173055	1.0	1.0
meo:MEO_0000027	0;681;57;172621	1.0	1.0
meo:MEO_0000028	0;10;57;173292	1.0	1.0
meo:MEO_0000029	0;314;57;172988	1.0	1.0
meo:MEO_0000031	0;264;57;173038	1.0	1.0
meo:MEO_0000034	0;6;57;173296	1.0	1.0
meo:MEO_0000037	0;627;57;172675	1.0	1.0
meo:MEO_0000042	0;55;57;173247	1.0	1.0
meo:MEO_0000044	0;351;57;172951	1.0	1.0
meo:MEO_0000045	0;136;57;173166	1.0	1.0
meo:MEO_0000048	0;82;57;173220	1.0	1.0
meo:MEO_0000049	0;2762;57;170540	1.0	1.0
meo:MEO_0000050	0;2753;57;170549	1.0	1.0
meo:MEO_0000052	0;3;57;173299	1.0	1.0
meo:MEO_0000053	0;74;57;173228	1.0	1.0
meo:MEO_0000055	0;7200;57;166102	1.0	1.0
meo:MEO_0000058	0;122;57;173180	1.0	1.0
meo:MEO_0000059	0;762;57;172540	1.0	1.0
meo:MEO_0000060	0;7537;57;165765	1.0	1.0
meo:MEO_0000062	0;641;57;172661	1.0	1.0
meo:MEO_0000063	0;229;57;173073	1.0	1.0
meo:MEO_0000064	0;8;57;173294	1.0	1.0
meo:MEO_0000065	0;65;57;173237	1.0	1.0
meo:MEO_0000068	0;22;57;173280	1.0	1.0
meo:MEO_0000069	0;157;57;173145	1.0	1.0
meo:MEO_0000072	0;5;57;173297	1.0	1.0
meo:MEO_0000073	0;24;57;173278	1.0	1.0
meo:MEO_0000075	0;121;57;173181	1.0	1.0
meo:MEO_0000083	0;82;57;173220	1.0	1.0
meo:MEO_0000084	0;135;57;173167	1.0	1.0
meo:MEO_0000085	0;37;57;173265	1.0	1.0
meo:MEO_0000086	0;47;57;173255	1.0	1.0
meo:MEO_0000087	0;572;57;172730	1.0	1.0
meo:MEO_0000089	0;10;57;173292	1.0	1.0
meo:MEO_0000090	0;5260;57;168042	1.0	1.0
meo:MEO_0000091	0;3828;57;169474	1.0	1.0
meo:MEO_0000092	0;70;57;173232	1.0	1.0
meo:MEO_0000093	0;33;57;173269	1.0	1.0
meo:MEO_0000094	0;330;57;172972	1.0	1.0
meo:MEO_0000095	0;31;57;173271	1.0	1.0
meo:MEO_0000096	0;1;57;173301	1.0	1.0
meo:MEO_0000097	0;88;57;173214	1.0	1.0
meo:MEO_0000098	0;31;57;173271	1.0	1.0
meo:MEO_0000100	0;94;57;173208	1.0	1.0
meo:MEO_0000103	0;1;57;173301	1.0	1.0
meo:MEO_0000105	0;119;57;173183	1.0	1.0
meo:MEO_0000106	0;2120;57;171182	1.0	1.0
meo:MEO_0000112	0;103;57;173199	1.0	1.0
meo:MEO_0000113	0;622;57;172680	1.0	1.0
meo:MEO_0000116	0;993;57;172309	1.0	1.0
meo:MEO_0000117	0;570;57;172732	1.0	1.0
meo:MEO_0000119	0;99;57;173203	1.0	1.0
meo:MEO_0000120	0;274;57;173028	1.0	1.0
meo:MEO_0000121	0;8;57;173294	1.0	1.0
meo:MEO_0000122	0;409;57;172893	1.0	1.0
meo:MEO_0000123	0;4;57;173298	1.0	1.0
meo:MEO_0000124	0;4;57;173298	1.0	1.0
meo:MEO_0000125	0;292;57;173010	1.0	1.0
meo:MEO_0000126	0;824;57;172478	1.0	1.0
meo:MEO_0000127	0;26;57;173276	1.0	1.0
meo:MEO_0000128	0;127;57;173175	1.0	1.0
meo:MEO_0000129	0;35;57;173267	1.0	1.0
meo:MEO_0000131	0;51;57;173251	1.0	1.0
meo:MEO_0000132	0;115;57;173187	1.0	1.0
meo:MEO_0000133	0;97;57;173205	1.0	1.0
meo:MEO_0000135	0;2;57;173300	1.0	1.0
meo:MEO_0000142	0;51;57;173251	1.0	1.0
meo:MEO_0000143	0;1;57;173301	1.0	1.0
meo:MEO_0000144	0;34;57;173268	1.0	1.0
meo:MEO_0000147	0;47;57;173255	1.0	1.0
meo:MEO_0000148	0;790;57;172512	1.0	1.0
meo:MEO_0000150	0;3;57;173299	1.0	1.0
meo:MEO_0000151	0;146;57;173156	1.0	1.0
meo:MEO_0000152	0;33;57;173269	1.0	1.0
meo:MEO_0000153	0;1204;57;172098	1.0	1.0
meo:MEO_0000155	0;25;57;173277	1.0	1.0
meo:MEO_0000157	0;107;57;173195	1.0	1.0
meo:MEO_0000159	0;55;57;173247	1.0	1.0
meo:MEO_0000164	0;13;57;173289	1.0	1.0
meo:MEO_0000165	0;28;57;173274	1.0	1.0
meo:MEO_0000166	0;6;57;173296	1.0	1.0
meo:MEO_0000170	0;128;57;173174	1.0	1.0
meo:MEO_0000173	0;408;57;172894	1.0	1.0
meo:MEO_0000175	0;3716;57;169586	1.0	1.0
meo:MEO_0000176	0;449;57;172853	1.0	1.0
meo:MEO_0000177	0;88;57;173214	1.0	1.0
meo:MEO_0000181	0;125;57;173177	1.0	1.0
meo:MEO_0000189	0;44;57;173258	1.0	1.0
meo:MEO_0000190	0;4;57;173298	1.0	1.0
meo:MEO_0000191	0;150;57;173152	1.0	1.0
meo:MEO_0000192	0;85;57;173217	1.0	1.0
meo:MEO_0000193	0;3;57;173299	1.0	1.0
meo:MEO_0000196	0;335;57;172967	1.0	1.0
meo:MEO_0000197	0;57;57;173245	1.0	1.0
meo:MEO_0000198	0;593;57;172709	1.0	1.0
meo:MEO_0000199	0;135;57;173167	1.0	1.0
meo:MEO_0000200	0;139;57;173163	1.0	1.0
meo:MEO_0000201	0;3;57;173299	1.0	1.0
meo:MEO_0000202	0;102;57;173200	1.0	1.0
meo:MEO_0000203	0;61;57;173241	1.0	1.0
meo:MEO_0000204	0;143;57;173159	1.0	1.0
meo:MEO_0000205	0;866;57;172436	1.0	1.0
meo:MEO_0000207	0;19;57;173283	1.0	1.0
meo:MEO_0000208	0;5;57;173297	1.0	1.0
meo:MEO_0000211	0;5;57;173297	1.0	1.0
meo:MEO_0000213	0;118;57;173184	1.0	1.0
meo:MEO_0000214	0;1;57;173301	1.0	1.0
meo:MEO_0000220	0;31;57;173271	1.0	1.0
meo:MEO_0000224	0;7;57;173295	1.0	1.0
meo:MEO_0000227	0;214;57;173088	1.0	1.0
meo:MEO_0000228	0;33;57;173269	1.0	1.0
meo:MEO_0000230	0;93;57;173209	1.0	1.0
meo:MEO_0000246	0;1;57;173301	1.0	1.0
meo:MEO_0000248	0;11;57;173291	1.0	1.0
meo:MEO_0000251	0;1;57;173301	1.0	1.0
meo:MEO_0000254	0;1;57;173301	1.0	1.0
meo:MEO_0000259	0;216;57;173086	1.0	1.0
meo:MEO_0000266	0;160;57;173142	1.0	1.0
meo:MEO_0000273	0;10;57;173292	1.0	1.0
meo:MEO_0000287	0;33;57;173269	1.0	1.0
meo:MEO_0000288	0;6;57;173296	1.0	1.0
meo:MEO_0000296	0;9;57;173293	1.0	1.0
meo:MEO_0000301	0;34;57;173268	1.0	1.0
meo:MEO_0000304	0;7;57;173295	1.0	1.0
meo:MEO_0000311	0;4;57;173298	1.0	1.0
meo:MEO_0000313	0;11;57;173291	1.0	1.0
meo:MEO_0000315	0;4;57;173298	1.0	1.0
meo:MEO_0000316	0;181;57;173121	1.0	1.0
meo:MEO_0000319	0;22;57;173280	1.0	1.0
meo:MEO_0000324	0;1;57;173301	1.0	1.0
meo:MEO_0000326	0;42;57;173260	1.0	1.0
meo:MEO_0000330	0;74;57;173228	1.0	1.0
meo:MEO_0000333	0;37;57;173265	1.0	1.0
meo:MEO_0000336	0;44;57;173258	1.0	1.0
meo:MEO_0000337	0;3;57;173299	1.0	1.0
meo:MEO_0000339	0;1;57;173301	1.0	1.0
meo:MEO_0000342	0;155;57;173147	1.0	1.0
meo:MEO_0000345	0;3;57;173299	1.0	1.0
meo:MEO_0000346	0;224;57;173078	1.0	1.0
meo:MEO_0000347	0;1;57;173301	1.0	1.0
meo:MEO_0000351	0;137;57;173165	1.0	1.0
meo:MEO_0000352	0;4;57;173298	1.0	1.0
meo:MEO_0000354	0;1;57;173301	1.0	1.0
meo:MEO_0000357	0;1;57;173301	1.0	1.0
meo:MEO_0000360	0;3;57;173299	1.0	1.0
meo:MEO_0000361	0;17;57;173285	1.0	1.0
meo:MEO_0000362	0;19;57;173283	1.0	1.0
meo:MEO_0000364	0;41;57;173261	1.0	1.0
meo:MEO_0000365	0;4;57;173298	1.0	1.0
meo:MEO_0000366	0;253;57;173049	1.0	1.0
meo:MEO_0000370	0;192;57;173110	1.0	1.0
meo:MEO_0000373	0;135;57;173167	1.0	1.0
meo:MEO_0000376	0;12;57;173290	1.0	1.0
meo:MEO_0000377	0;16;57;173286	1.0	1.0
meo:MEO_0000379	0;300;57;173002	1.0	1.0
meo:MEO_0000380	0;78;57;173224	1.0	1.0
meo:MEO_0000383	0;124;57;173178	1.0	1.0
meo:MEO_0000384	0;4;57;173298	1.0	1.0
meo:MEO_0000386	0;8481;57;164821	1.0	1.0
meo:MEO_0000388	0;5;57;173297	1.0	1.0
meo:MEO_0000390	0;68;57;173234	1.0	1.0
meo:MEO_0000391	0;35;57;173267	1.0	1.0
meo:MEO_0000394	0;87;57;173215	1.0	1.0
meo:MEO_0000395	0;2774;57;170528	1.0	1.0
meo:MEO_0000397	0;97;57;173205	1.0	1.0
meo:MEO_0000399	0;302;57;173000	1.0	1.0
meo:MEO_0000401	0;5;57;173297	1.0	1.0
meo:MEO_0000403	0;574;57;172728	1.0	1.0
meo:MEO_0000407	0;4926;57;168376	1.0	1.0
meo:MEO_0000413	0;271;57;173031	1.0	1.0
meo:MEO_0000414	0;11;57;173291	1.0	1.0
meo:MEO_0000416	0;1;57;173301	1.0	1.0
meo:MEO_0000417	0;1487;57;171815	1.0	1.0
meo:MEO_0000418	0;702;57;172600	1.0	1.0
meo:MEO_0000419	0;1061;57;172241	1.0	1.0
meo:MEO_0000420	0;1;57;173301	1.0	1.0
meo:MEO_0000421	0;360;57;172942	1.0	1.0
meo:MEO_0000422	0;2613;57;170689	1.0	1.0
meo:MEO_0000425	0;514;57;172788	1.0	1.0
meo:MEO_0000444	0;1;57;173301	1.0	1.0
meo:MEO_0000449	0;22;57;173280	1.0	1.0
meo:MEO_0000453	0;42;57;173260	1.0	1.0
meo:MEO_0000458	0;6504;57;166798	1.0	1.0
meo:MEO_0000459	0;8;57;173294	1.0	1.0
meo:MEO_0000460	0;2122;57;171180	1.0	1.0
meo:MEO_0000461	0;37;57;173265	1.0	1.0
meo:MEO_0000462	0;1269;57;172033	1.0	1.0
meo:MEO_0000463	0;79;57;173223	1.0	1.0
meo:MEO_0000464	0;19;57;173283	1.0	1.0
meo:MEO_0000465	0;24;57;173278	1.0	1.0
meo:MEO_0000467	0;3401;57;169901	1.0	1.0
meo:MEO_0000468	0;11031;57;162271	1.0	1.0
meo:MEO_0000469	0;32;57;173270	1.0	1.0
meo:MEO_0000470	0;56;57;173246	1.0	1.0
meo:MEO_0000471	0;1;57;173301	1.0	1.0
meo:MEO_0000472	0;7920;57;165382	1.0	1.0
meo:MEO_0000473	0;15;57;173287	1.0	1.0
meo:MEO_0000475	0;2825;57;170477	1.0	1.0
meo:MEO_0000476	0;17;57;173285	1.0	1.0
meo:MEO_0000479	0;2782;57;170520	1.0	1.0
meo:MEO_0000480	0;230;57;173072	1.0	1.0
meo:MEO_0000481	0;3;57;173299	1.0	1.0
meo:MEO_0000483	0;418;57;172884	1.0	1.0
meo:MEO_0000484	0;588;57;172714	1.0	1.0
meo:MEO_0000485	0;160;57;173142	1.0	1.0
meo:MEO_0000487	0;365;57;172937	1.0	1.0
meo:MEO_0000488	0;609;57;172693	1.0	1.0
meo:MEO_0000489	0;53;57;173249	1.0	1.0
meo:MEO_0000490	0;4967;57;168335	1.0	1.0
meo:MEO_0000491	0;9;57;173293	1.0	1.0
meo:MEO_0000492	0;1;57;173301	1.0	1.0
meo:MEO_0000494	0;3002;57;170300	1.0	1.0
meo:MEO_0000495	0;787;57;172515	1.0	1.0
meo:MEO_0000496	0;3507;57;169795	1.0	1.0
meo:MEO_0000497	0;158;57;173144	1.0	1.0
meo:MEO_0000499	0;6;57;173296	1.0	1.0
meo:MEO_0000500	0;17;57;173285	1.0	1.0
meo:MEO_0000501	0;6;57;173296	1.0	1.0
meo:MEO_0000502	0;13;57;173289	1.0	1.0
meo:MEO_0000503	0;13;57;173289	1.0	1.0
meo:MEO_0000504	0;683;57;172619	1.0	1.0
meo:MEO_0000506	0;989;57;172313	1.0	1.0
meo:MEO_0000511	0;2744;57;170558	1.0	1.0
meo:MEO_0000512	0;313;57;172989	1.0	1.0
meo:MEO_0000513	0;2;57;173300	1.0	1.0
meo:MEO_0000515	0;10;57;173292	1.0	1.0
meo:MEO_0000517	0;81;57;173221	1.0	1.0
meo:MEO_0000518	0;2;57;173300	1.0	1.0
meo:MEO_0000521	0;8;57;173294	1.0	1.0
meo:MEO_0000522	0;62;57;173240	1.0	1.0
meo:MEO_0000523	0;5350;57;167952	1.0	1.0
meo:MEO_0000524	0;1679;57;171623	1.0	1.0
meo:MEO_0000525	0;6;57;173296	1.0	1.0
meo:MEO_0000526	0;5;57;173297	1.0	1.0
meo:MEO_0000530	0;17;57;173285	1.0	1.0
meo:MEO_0000531	0;2;57;173300	1.0	1.0
meo:MEO_0000532	0;2215;57;171087	1.0	1.0
meo:MEO_0000535	0;639;57;172663	1.0	1.0
meo:MEO_0000536	0;1125;57;172177	1.0	1.0
meo:MEO_0000540	0;6;57;173296	1.0	1.0
meo:MEO_0000542	0;13;57;173289	1.0	1.0
meo:MEO_0000543	0;342;57;172960	1.0	1.0
meo:MEO_0000544	0;357;57;172945	1.0	1.0
meo:MEO_0000545	0;13;57;173289	1.0	1.0
meo:MEO_0000546	0;13;57;173289	1.0	1.0
meo:MEO_0000547	0;128;57;173174	1.0	1.0
meo:MEO_0000549	0;49;57;173253	1.0	1.0
meo:MEO_0000550	0;5443;57;167859	1.0	1.0
meo:MEO_0000551	0;218;57;173084	1.0	1.0
meo:MEO_0000554	0;97;57;173205	1.0	1.0
meo:MEO_0000557	0;1;57;173301	1.0	1.0
meo:MEO_0000558	0;10;57;173292	1.0	1.0
meo:MEO_0000559	0;191;57;173111	1.0	1.0
meo:MEO_0000560	0;238;57;173064	1.0	1.0
meo:MEO_0000562	0;64;57;173238	1.0	1.0
meo:MEO_0000563	0;6;57;173296	1.0	1.0
meo:MEO_0000564	0;6;57;173296	1.0	1.0
meo:MEO_0000566	0;253;57;173049	1.0	1.0
meo:MEO_0000567	0;50;57;173252	1.0	1.0
meo:MEO_0000570	0;244;57;173058	1.0	1.0
meo:MEO_0000571	0;13;57;173289	1.0	1.0
meo:MEO_0000572	0;13;57;173289	1.0	1.0
meo:MEO_0000573	0;57;57;173245	1.0	1.0
meo:MEO_0000574	0;28;57;173274	1.0	1.0
meo:MEO_0000575	0;18;57;173284	1.0	1.0
meo:MEO_0000579	0;189;57;173113	1.0	1.0
meo:MEO_0000580	0;189;57;173113	1.0	1.0
meo:MEO_0000581	0;13;57;173289	1.0	1.0
meo:MEO_0000583	0;520;57;172782	1.0	1.0
meo:MEO_0000584	0;75;57;173227	1.0	1.0
meo:MEO_0000585	0;9;57;173293	1.0	1.0
meo:MEO_0000586	0;6733;57;166569	1.0	1.0
meo:MEO_0000588	0;98;57;173204	1.0	1.0
meo:MEO_0000589	0;26;57;173276	1.0	1.0
meo:MEO_0000591	0;474;57;172828	1.0	1.0
meo:MEO_0000592	0;525;57;172777	1.0	1.0
meo:MEO_0000594	0;786;57;172516	1.0	1.0
meo:MEO_0000595	0;1611;57;171691	1.0	1.0
meo:MEO_0000596	0;35;57;173267	1.0	1.0
meo:MEO_0000598	0;20;57;173282	1.0	1.0
meo:MEO_0000599	0;5443;57;167859	1.0	1.0
meo:MEO_0000601	0;207;57;173095	1.0	1.0
meo:MEO_0000602	0;2761;57;170541	1.0	1.0
meo:MEO_0000603	0;108;57;173194	1.0	1.0
meo:MEO_0000604	0;12;57;173290	1.0	1.0
meo:MEO_0000605	0;12;57;173290	1.0	1.0
meo:MEO_0000607	0;13;57;173289	1.0	1.0
meo:MEO_0000608	0;12;57;173290	1.0	1.0
meo:MEO_0000612	0;2990;57;170312	1.0	1.0
meo:MEO_0000615	0;301;57;173001	1.0	1.0
meo:MEO_0000629	0;14;57;173288	1.0	1.0
meo:MEO_0000630	0;44;57;173258	1.0	1.0
meo:MEO_0000637	0;1;57;173301	1.0	1.0
meo:MEO_0000638	0;60;57;173242	1.0	1.0
meo:MEO_0000639	0;29;57;173273	1.0	1.0
meo:MEO_0000640	0;154;57;173148	1.0	1.0
meo:MEO_0000641	0;2;57;173300	1.0	1.0
meo:MEO_0000642	0;3;57;173299	1.0	1.0
meo:MEO_0000643	0;1177;57;172125	1.0	1.0
meo:MEO_0000645	0;1;57;173301	1.0	1.0
meo:MEO_0000647	0;4;57;173298	1.0	1.0
meo:MEO_0000649	0;36;57;173266	1.0	1.0
meo:MEO_0000651	0;1;57;173301	1.0	1.0
meo:MEO_0000653	0;1;57;173301	1.0	1.0
meo:MEO_0000654	0;1;57;173301	1.0	1.0
meo:MEO_0000658	0;171;57;173131	1.0	1.0
meo:MEO_0000659	0;15;57;173287	1.0	1.0
meo:MEO_0000660	0;29;57;173273	1.0	1.0
meo:MEO_0000664	0;32;57;173270	1.0	1.0
meo:MEO_0000666	0;10;57;173292	1.0	1.0
meo:MEO_0000669	0;3;57;173299	1.0	1.0
meo:MEO_0000670	0;16;57;173286	1.0	1.0
meo:MEO_0000671	0;206;57;173096	1.0	1.0
meo:MEO_0000681	0;5;57;173297	1.0	1.0
meo:MEO_0000682	0;26;57;173276	1.0	1.0
meo:MEO_0000684	0;13;57;173289	1.0	1.0
meo:MEO_0000687	0;30;57;173272	1.0	1.0
meo:MEO_0000688	0;3;57;173299	1.0	1.0
meo:MEO_0000690	0;21;57;173281	1.0	1.0
meo:MEO_0000691	0;12;57;173290	1.0	1.0
meo:MEO_0000692	0;3;57;173299	1.0	1.0
meo:MEO_0000695	0;25;57;173277	1.0	1.0
meo:MEO_0000696	0;28;57;173274	1.0	1.0
meo:MEO_0000699	0;48;57;173254	1.0	1.0
meo:MEO_0000700	0;56;57;173246	1.0	1.0
meo:MEO_0000701	0;1;57;173301	1.0	1.0
meo:MEO_0000702	0;125;57;173177	1.0	1.0
meo:MEO_0000704	0;105;57;173197	1.0	1.0
meo:MEO_0000705	0;117;57;173185	1.0	1.0
meo:MEO_0000706	0;1;57;173301	1.0	1.0
meo:MEO_0000711	0;12;57;173290	1.0	1.0
meo:MEO_0000714	0;138;57;173164	1.0	1.0
meo:MEO_0000716	0;51;57;173251	1.0	1.0
meo:MEO_0000717	0;736;57;172566	1.0	1.0
meo:MEO_0000719	0;2;57;173300	1.0	1.0
meo:MEO_0000722	0;16;57;173286	1.0	1.0
meo:MEO_0000724	0;49;57;173253	1.0	1.0
meo:MEO_0000725	0;12;57;173290	1.0	1.0
meo:MEO_0000729	0;1;57;173301	1.0	1.0
meo:MEO_0000734	0;3;57;173299	1.0	1.0
meo:MEO_0000735	0;65;57;173237	1.0	1.0
meo:MEO_0000736	0;2;57;173300	1.0	1.0
meo:MEO_0000738	0;5;57;173297	1.0	1.0
meo:MEO_0000739	0;18;57;173284	1.0	1.0
meo:MEO_0000740	0;138;57;173164	1.0	1.0
meo:MEO_0000741	0;11;57;173291	1.0	1.0
meo:MEO_0000743	0;1;57;173301	1.0	1.0
meo:MEO_0000744	0;1;57;173301	1.0	1.0
meo:MEO_0000745	0;17;57;173285	1.0	1.0
meo:MEO_0000748	0;185;57;173117	1.0	1.0
meo:MEO_0000750	0;3;57;173299	1.0	1.0
meo:MEO_0000751	0;21;57;173281	1.0	1.0
meo:MEO_0000752	0;45;57;173257	1.0	1.0
meo:MEO_0000754	0;16;57;173286	1.0	1.0
meo:MEO_0000755	0;132;57;173170	1.0	1.0
meo:MEO_0000759	0;76;57;173226	1.0	1.0
meo:MEO_0000762	0;10;57;173292	1.0	1.0
meo:MEO_0000764	0;20;57;173282	1.0	1.0
meo:MEO_0000766	0;1;57;173301	1.0	1.0
meo:MEO_0000767	0;1;57;173301	1.0	1.0
meo:MEO_0000769	0;4;57;173298	1.0	1.0
meo:MEO_0000770	0;12;57;173290	1.0	1.0
meo:MEO_0000771	0;1;57;173301	1.0	1.0
meo:MEO_0000774	0;2;57;173300	1.0	1.0
meo:MEO_0000779	0;916;57;172386	1.0	1.0
meo:MEO_0000781	0;7;57;173295	1.0	1.0
meo:MEO_0000789	0;194;57;173108	1.0	1.0
meo:MEO_0000790	0;7;57;173295	1.0	1.0
meo:MEO_0000792	0;16;57;173286	1.0	1.0
meo:MEO_0000793	0;17;57;173285	1.0	1.0
meo:MEO_0000794	0;2137;57;171165	1.0	1.0
meo:MEO_0000801	0;7;57;173295	1.0	1.0
meo:MEO_0000809	0;4;57;173298	1.0	1.0
meo:MEO_0000813	0;3;57;173299	1.0	1.0
meo:MEO_0000814	0;304;57;172998	1.0	1.0
meo:MEO_0000815	0;1;57;173301	1.0	1.0
meo:MEO_0000816	0;35;57;173267	1.0	1.0
meo:MEO_0000818	0;81;57;173221	1.0	1.0
meo:MEO_0000823	0;79;57;173223	1.0	1.0
meo:MEO_0000824	0;230;57;173072	1.0	1.0
meo:MEO_0000826	0;42;57;173260	1.0	1.0
meo:MEO_0000827	0;1;57;173301	1.0	1.0
meo:MEO_0000829	0;442;57;172860	1.0	1.0
meo:MEO_0000831	0;1;57;173301	1.0	1.0
meo:MEO_0000832	0;12;57;173290	1.0	1.0
meo:MEO_0000835	0;294;57;173008	1.0	1.0
meo:MEO_0000836	0;41;57;173261	1.0	1.0
meo:MEO_0000839	0;25;57;173277	1.0	1.0
meo:MEO_0000840	0;2502;57;170800	1.0	1.0
meo:MEO_0000842	0;32;57;173270	1.0	1.0
meo:MEO_0000844	0;96;57;173206	1.0	1.0
meo:MEO_0000845	0;57;57;173245	1.0	1.0
meo:MEO_0000846	0;25;57;173277	1.0	1.0
meo:MEO_0000847	0;683;57;172619	1.0	1.0
meo:MEO_0000848	0;112;57;173190	1.0	1.0
meo:MEO_0000850	0;349;57;172953	1.0	1.0
meo:MEO_0000852	0;49;57;173253	1.0	1.0
meo:MEO_0000858	0;2;57;173300	1.0	1.0
meo:MEO_0000862	0;664;57;172638	1.0	1.0
meo:MEO_0000864	0;32;57;173270	1.0	1.0
meo:MEO_0000865	0;21;57;173281	1.0	1.0
meo:MEO_0000874	0;584;57;172718	1.0	1.0
meo:MEO_0000878	0;14;57;173288	1.0	1.0
meo:MEO_0000880	0;1;57;173301	1.0	1.0
meo:MEO_0000882	0;4;57;173298	1.0	1.0
meo:MEO_0000884	0;3;57;173299	1.0	1.0
meo:MEO_0000885	0;11;57;173291	1.0	1.0
meo:MEO_0000886	0;2;57;173300	1.0	1.0
meo:MEO_0000887	0;10;57;173292	1.0	1.0
meo:MEO_0000889	0;1;57;173301	1.0	1.0
meo:MEO_0000890	0;11;57;173291	1.0	1.0
meo:MEO_0000893	0;21;57;173281	1.0	1.0
meo:MEO_0000900	0;7;57;173295	1.0	1.0
meo:MEO_0000911	0;227;57;173075	1.0	1.0
meo:MEO_0000914	0;1142;57;172160	1.0	1.0
meo:MEO_0000916	0;4;57;173298	1.0	1.0
meo:MEO_0000917	0;1;57;173301	1.0	1.0
meo:MEO_0000918	0;1752;57;171550	1.0	1.0
meo:MEO_0000920	0;44;57;173258	1.0	1.0
meo:MEO_0000935	0;45;57;173257	1.0	1.0
meo:MEO_0000937	0;1;57;173301	1.0	1.0
meo:MEO_0000939	0;37;57;173265	1.0	1.0
meo:MEO_0000940	0;42;57;173260	1.0	1.0
meo:MEO_0000943	0;17;57;173285	1.0	1.0
meo:MEO_0000946	0;6;57;173296	1.0	1.0
meo:MEO_0000947	0;4;57;173298	1.0	1.0
meo:MEO_0000948	0;25;57;173277	1.0	1.0
meo:MEO_0000949	0;9;57;173293	1.0	1.0
meo:MEO_0000950	0;1;57;173301	1.0	1.0
meo:MEO_0000952	0;94;57;173208	1.0	1.0
meo:MEO_0000953	0;1;57;173301	1.0	1.0
meo:MEO_0000954	0;2;57;173300	1.0	1.0
meo:MEO_0000955	0;4;57;173298	1.0	1.0
meo:MEO_0000956	0;7;57;173295	1.0	1.0
meo:MEO_0000958	0;15;57;173287	1.0	1.0
meo:MEO_0000962	0;438;57;172864	1.0	1.0
meo:MEO_0000966	0;2;57;173300	1.0	1.0
meo:MEO_0000967	0;1;57;173301	1.0	1.0
meo:MEO_0000968	0;132;57;173170	1.0	1.0
meo:MEO_0000969	0;166;57;173136	1.0	1.0
meo:MEO_0000970	0;73;57;173229	1.0	1.0
meo:MEO_0000972	0;14;57;173288	1.0	1.0
meo:MEO_0000973	0;1;57;173301	1.0	1.0
meo:MEO_0000975	0;25;57;173277	1.0	1.0
meo:MEO_0000977	0;1;57;173301	1.0	1.0
meo:MEO_0000978	0;1117;57;172185	1.0	1.0
meo:MEO_0000979	0;2;57;173300	1.0	1.0
meo:MEO_0000980	0;27;57;173275	1.0	1.0
meo:MEO_0000982	0;4;57;173298	1.0	1.0
meo:MEO_0000987	0;5671;57;167631	1.0	1.0
meo:MEO_0000991	0;236;57;173066	1.0	1.0
meo:MEO_0000994	0;33;57;173269	1.0	1.0
meo:MEO_0000996	0;96;57;173206	1.0	1.0
meo:MEO_0001000	0;285;57;173017	1.0	1.0
meo:MEO_0001002	0;422;57;172880	1.0	1.0
meo:MEO_0001003	0;3;57;173299	1.0	1.0
meo:MEO_0001007	0;2;57;173300	1.0	1.0
meo:MEO_0001012	0;7;57;173295	1.0	1.0
meo:MEO_0001015	0;1;57;173301	1.0	1.0
meo:MEO_0001018	0;7;57;173295	1.0	1.0
meo:MEO_0001019	0;3;57;173299	1.0	1.0
meo:MEO_0001024	0;7;57;173295	1.0	1.0
meo:MEO_0001026	0;50;57;173252	1.0	1.0
meo:MEO_0001027	0;2;57;173300	1.0	1.0
meo:MEO_0001029	0;24;57;173278	1.0	1.0
meo:MEO_0001031	0;2;57;173300	1.0	1.0
meo:MEO_0001037	0;17;57;173285	1.0	1.0
meo:MEO_0001042	0;174;57;173128	1.0	1.0
meo:MEO_0001044	0;1;57;173301	1.0	1.0
meo:MEO_0001048	0;28;57;173274	1.0	1.0
meo:MEO_0001050	0;46;57;173256	1.0	1.0
meo:MEO_0001051	0;7;57;173295	1.0	1.0
meo:MEO_0001055	0;1;57;173301	1.0	1.0
meo:MEO_0001057	0;22;57;173280	1.0	1.0
meo:MEO_0001059	0;69;57;173233	1.0	1.0
meo:MEO_0001061	0;53;57;173249	1.0	1.0
meo:MEO_0001068	0;357;57;172945	1.0	1.0
meo:MEO_0001070	0;103;57;173199	1.0	1.0
meo:MEO_0001073	0;5;57;173297	1.0	1.0
meo:MEO_0001074	0;19;57;173283	1.0	1.0
meo:MEO_0001087	0;8;57;173294	1.0	1.0
meo:MEO_0001090	0;8;57;173294	1.0	1.0
meo:MEO_0001098	0;15;57;173287	1.0	1.0
meo:MEO_0001099	0;6;57;173296	1.0	1.0
meo:MEO_0001100	0;1;57;173301	1.0	1.0
meo:MEO_0001101	0;1;57;173301	1.0	1.0
meo:MEO_0001104	0;29;57;173273	1.0	1.0
meo:MEO_0001106	0;30;57;173272	1.0	1.0
meo:MEO_0001107	0;5577;57;167725	1.0	1.0
meo:MEO_0001108	0;50;57;173252	1.0	1.0
meo:MEO_0001109	0;3;57;173299	1.0	1.0
meo:MEO_0001113	0;820;57;172482	1.0	1.0
meo:MEO_0001114	0;6;57;173296	1.0	1.0
meo:MEO_0001115	0;23;57;173279	1.0	1.0
meo:MEO_0001117	0;1;57;173301	1.0	1.0
meo:MEO_0001118	0;13;57;173289	1.0	1.0
meo:MEO_0001120	0;42;57;173260	1.0	1.0
meo:MEO_0001124	0;18;57;173284	1.0	1.0
meo:MEO_0001125	0;1;57;173301	1.0	1.0
meo:MEO_0001128	0;4;57;173298	1.0	1.0
meo:MEO_0001131	0;1;57;173301	1.0	1.0
meo:MEO_0001132	0;1;57;173301	1.0	1.0
meo:MEO_0001135	0;52;57;173250	1.0	1.0
meo:MEO_0001136	0;1;57;173301	1.0	1.0
meo:MEO_0001137	0;4;57;173298	1.0	1.0
meo:MEO_0001138	0;1;57;173301	1.0	1.0
meo:MEO_0001140	0;1;57;173301	1.0	1.0
meo:MEO_0001142	0;5;57;173297	1.0	1.0
meo:MEO_0001143	0;1;57;173301	1.0	1.0
meo:MEO_0001144	0;32;57;173270	1.0	1.0
meo:MEO_0001145	0;2;57;173300	1.0	1.0
meo:MEO_0001147	0;3;57;173299	1.0	1.0
meo:MEO_0001150	0;10;57;173292	1.0	1.0
meo:MEO_0001151	0;1;57;173301	1.0	1.0
meo:MEO_0001153	0;23;57;173279	1.0	1.0
meo:MEO_0001155	0;31;57;173271	1.0	1.0
meo:MEO_0001159	0;1;57;173301	1.0	1.0
meo:MEO_0001160	0;1;57;173301	1.0	1.0
meo:MEO_0001163	0;18;57;173284	1.0	1.0
meo:MEO_0001164	0;10;57;173292	1.0	1.0
meo:MEO_0001167	0;36;57;173266	1.0	1.0
meo:MEO_0001170	0;4;57;173298	1.0	1.0
meo:MEO_0001175	0;11;57;173291	1.0	1.0
meo:MEO_0001177	0;2;57;173300	1.0	1.0
meo:MEO_0001178	0;10;57;173292	1.0	1.0
meo:MEO_0001179	0;22;57;173280	1.0	1.0
meo:MEO_0001183	0;5397;57;167905	1.0	1.0
meo:MEO_0001184	0;764;57;172538	1.0	1.0
meo:MEO_0001185	0;2338;57;170964	1.0	1.0
meo:MEO_0001186	0;7;57;173295	1.0	1.0
meo:MEO_0001188	0;2;57;173300	1.0	1.0
meo:MEO_0001190	0;4;57;173298	1.0	1.0
meo:MEO_0001191	0;15;57;173287	1.0	1.0
meo:MEO_0001192	0;105;57;173197	1.0	1.0
meo:MEO_0001195	0;5;57;173297	1.0	1.0
meo:MEO_0001197	0;7;57;173295	1.0	1.0
meo:MEO_0001199	0;3;57;173299	1.0	1.0
meo:MEO_0001200	0;6;57;173296	1.0	1.0
meo:MEO_0001201	0;1;57;173301	1.0	1.0
meo:MEO_0001204	0;1;57;173301	1.0	1.0
meo:MEO_0001205	0;3;57;173299	1.0	1.0
meo:MEO_0001207	0;41;57;173261	1.0	1.0
meo:MEO_0001211	0;3;57;173299	1.0	1.0
meo:MEO_0001212	0;1;57;173301	1.0	1.0
meo:MEO_0001214	0;1;57;173301	1.0	1.0
meo:MEO_0001217	0;2;57;173300	1.0	1.0
meo:MEO_0001219	0;1;57;173301	1.0	1.0
meo:MEO_0001221	0;6120;57;167182	1.0	1.0
meo:MEO_0001226	0;5;57;173297	1.0	1.0
meo:MEO_0001227	0;36;57;173266	1.0	1.0
meo:MEO_0001230	0;1;57;173301	1.0	1.0
meo:MEO_0001232	0;1;57;173301	1.0	1.0
meo:MEO_0001239	0;29;57;173273	1.0	1.0
meo:MEO_0001241	0;7818;57;165484	1.0	1.0
meo:MEO_0001242	0;61;57;173241	1.0	1.0
meo:MEO_0001244	0;3;57;173299	1.0	1.0
meo:MEO_0001245	0;399;57;172903	1.0	1.0
meo:MEO_0001247	0;81;57;173221	1.0	1.0
meo:MEO_0001248	0;30;57;173272	1.0	1.0
meo:MEO_0001250	0;158;57;173144	1.0	1.0
meo:MEO_0001251	0;20;57;173282	1.0	1.0
meo:MEO_0001252	0;215;57;173087	1.0	1.0
meo:MEO_0001253	0;2;57;173300	1.0	1.0
meo:MEO_0001256	0;1061;57;172241	1.0	1.0
meo:MEO_0001258	0;2;57;173300	1.0	1.0
meo:MEO_0001263	0;512;57;172790	1.0	1.0
meo:MEO_0001264	0;134;57;173168	1.0	1.0
meo:MEO_0001265	0;11;57;173291	1.0	1.0
meo:MEO_0001268	0;1;57;173301	1.0	1.0
meo:MEO_0001272	0;1;57;173301	1.0	1.0
meo:MEO_0001276	0;37;57;173265	1.0	1.0
meo:MEO_0001278	0;1327;57;171975	1.0	1.0
meo:MEO_0001279	0;1176;57;172126	1.0	1.0
meo:MEO_0001284	0;2171;57;171131	1.0	1.0
meo:MEO_0001285	0;35646;57;137656	1.0	1.0
meo:MEO_0001297	0;1;57;173301	1.0	1.0
meo:MEO_0001298	0;334;57;172968	1.0	1.0
meo:MEO_0001299	0;2;57;173300	1.0	1.0
meo:MEO_0001303	0;2;57;173300	1.0	1.0
meo:MEO_0001304	0;34470;57;138832	1.0	1.0
meo:MEO_0001306	0;2465;57;170837	1.0	1.0
meo:MEO_0001310	0;1646;57;171656	1.0	1.0
meo:MEO_0001321	0;4;57;173298	1.0	1.0
meo:MEO_0001329	0;2;57;173300	1.0	1.0
meo:MEO_0001330	0;36;57;173266	1.0	1.0
meo:MEO_0001341	0;2240;57;171062	1.0	1.0
meo:MEO_0001348	0;3878;57;169424	1.0	1.0
meo:MEO_0001360	0;186;57;173116	1.0	1.0
meo:MEO_0001366	0;70;57;173232	1.0	1.0
meo:MEO_0001367	0;3;57;173299	1.0	1.0
meo:MEO_0001368	0;30;57;173272	1.0	1.0
meo:MEO_0001369	0;36;57;173266	1.0	1.0
meo:MEO_0001371	0;20;57;173282	1.0	1.0
meo:MEO_0001373	0;94;57;173208	1.0	1.0
meo:MEO_0001374	0;71;57;173231	1.0	1.0
meo:MEO_0001376	0;140;57;173162	1.0	1.0
meo:MEO_0001377	0;2;57;173300	1.0	1.0
meo:MEO_0001378	0;21;57;173281	1.0	1.0
meo:MEO_0001391	0;8;57;173294	1.0	1.0
meo:MEO_0001393	0;21;57;173281	1.0	1.0
meo:MEO_0001396	0;4;57;173298	1.0	1.0
meo:MEO_0001398	0;532;57;172770	1.0	1.0
meo:MEO_0001406	0;36;57;173266	1.0	1.0
meo:MEO_0001407	0;2385;57;170917	1.0	1.0
meo:MEO_0001412	0;1;57;173301	1.0	1.0
meo:MEO_0001415	0;77;57;173225	1.0	1.0
meo:MEO_0001416	0;105;57;173197	1.0	1.0
meo:MEO_0001417	0;6;57;173296	1.0	1.0
meo:MEO_0001422	0;3;57;173299	1.0	1.0
meo:MEO_0001424	0;6;57;173296	1.0	1.0
meo:MEO_0001425	0;18;57;173284	1.0	1.0
meo:MEO_0001426	0;11;57;173291	1.0	1.0
meo:MEO_0001428	0;88;57;173214	1.0	1.0
meo:MEO_0001431	0;66;57;173236	1.0	1.0
meo:MEO_0001432	0;60;57;173242	1.0	1.0
meo:MEO_0001433	0;1;57;173301	1.0	1.0
meo:MEO_0001434	0;15;57;173287	1.0	1.0
meo:MEO_0001435	0;90;57;173212	1.0	1.0
meo:MEO_0001436	0;78;57;173224	1.0	1.0
meo:MEO_0001437	0;29;57;173273	1.0	1.0
meo:MEO_0001440	0;13;57;173289	1.0	1.0
meo:MEO_0001441	0;54;57;173248	1.0	1.0
meo:MEO_0001442	0;3;57;173299	1.0	1.0
meo:MEO_0001443	0;15;57;173287	1.0	1.0
meo:MEO_0001445	0;47;57;173255	1.0	1.0
meo:MEO_0001447	0;12;57;173290	1.0	1.0
meo:MEO_0001448	0;3;57;173299	1.0	1.0
meo:MEO_0001449	0;1;57;173301	1.0	1.0
meo:MEO_0001457	0;58;57;173244	1.0	1.0
meo:MEO_0001458	0;1118;57;172184	1.0	1.0
meo:MEO_0001471	0;2;57;173300	1.0	1.0
meo:MEO_0001474	0;102;57;173200	1.0	1.0
meo:MEO_0001479	0;5;57;173297	1.0	1.0
meo:MEO_0001480	0;9;57;173293	1.0	1.0
meo:MEO_0001481	0;15;57;173287	1.0	1.0
meo:MEO_0001482	0;143;57;173159	1.0	1.0
meo:MEO_0001486	0;37;57;173265	1.0	1.0
meo:MEO_0001487	0;4;57;173298	1.0	1.0
meo:MEO_0001490	0;1;57;173301	1.0	1.0
meo:MEO_0001492	0;32;57;173270	1.0	1.0
meo:MEO_0001494	0;62;57;173240	1.0	1.0
meo:MEO_0001497	0;2;57;173300	1.0	1.0
meo:MEO_0001498	0;111;57;173191	1.0	1.0
meo:MEO_0001500	0;6;57;173296	1.0	1.0
meo:MEO_0001501	0;49;57;173253	1.0	1.0
meo:MEO_0001502	0;235;57;173067	1.0	1.0
meo:MEO_0001503	0;48;57;173254	1.0	1.0
meo:MEO_0001504	0;306;57;172996	1.0	1.0
meo:MEO_0001546	0;26;57;173276	1.0	1.0
meo:MEO_0001565	0;533;57;172769	1.0	1.0
meo:MEO_0001573	0;2;57;173300	1.0	1.0
meo:MEO_0001596	0;5;57;173297	1.0	1.0
meo:MEO_0001615	0;20;57;173282	1.0	1.0
meo:MEO_0001672	0;10;57;173292	1.0	1.0
meo:MEO_0001815	0;6;57;173296	1.0	1.0
meo:MEO_0001826	0;67;57;173235	1.0	1.0
meo:MEO_0001842	0;2;57;173300	1.0	1.0
meo:MEO_0001849	0;219;57;173083	1.0	1.0
meo:MEO_0001851	0;7;57;173295	1.0	1.0
meo:MEO_0001866	0;78;57;173224	1.0	1.0
meo:MEO_0001868	0;2;57;173300	1.0	1.0
meo:MEO_0001926	0;95;57;173207	1.0	1.0
meo:MEO_0001934	0;1;57;173301	1.0	1.0
meo:MEO_0001965	0;1;57;173301	1.0	1.0
meo:MEO_0001989	0;2;57;173300	1.0	1.0
meo:MEO_0001993	0;9;57;173293	1.0	1.0
meo:MEO_0002007	0;10;57;173292	1.0	1.0
meo:MEO_0002011	0;37;57;173265	1.0	1.0
meo:MEO_0002012	0;3;57;173299	1.0	1.0
meo:MEO_0002025	0;15;57;173287	1.0	1.0
meo:MEO_0002027	0;287;57;173015	1.0	1.0
meo:MEO_0002028	0;1;57;173301	1.0	1.0
meo:MEO_0002029	0;22;57;173280	1.0	1.0
meo:MEO_0002032	0;114;57;173188	1.0	1.0
meo:MEO_0002035	0;98;57;173204	1.0	1.0
meo:MEO_0002036	0;1;57;173301	1.0	1.0
meo:MEO_0002039	0;251;57;173051	1.0	1.0
meo:MEO_0002040	0;4;57;173298	1.0	1.0
meo:MEO_0002041	0;95;57;173207	1.0	1.0
meo:MEO_0002047	0;69;57;173233	1.0	1.0
meo:MEO_0002059	0;1;57;173301	1.0	1.0
meo:MEO_0002080	0;2;57;173300	1.0	1.0
meo:MEO_0002084	0;6;57;173296	1.0	1.0
meo:MEO_0002087	0;4;57;173298	1.0	1.0
meo:MEO_0002149	0;1;57;173301	1.0	1.0
meo:MEO_0002182	0;5;57;173297	1.0	1.0
meo:MEO_0002209	0;4;57;173298	1.0	1.0
meo:MEO_0002237	0;106;57;173196	1.0	1.0
meo:MEO_0002238	0;155;57;173147	1.0	1.0
meo:MEO_0002258	0;9;57;173293	1.0	1.0
meo:MEO_0002260	0;5;57;173297	1.0	1.0
meo:MEO_0002275	0;29;57;173273	1.0	1.0
meo:MEO_0002378	0;44;57;173258	1.0	1.0
meo:MEO_0002395	0;1;57;173301	1.0	1.0
meo:MEO_0002435	0;2;57;173300	1.0	1.0
meo:MEO_0002486	0;2;57;173300	1.0	1.0
meo:MEO_0002523	0;19;57;173283	1.0	1.0
meo:MEO_0002529	0;2949;57;170353	1.0	1.0
meo:MEO_0002531	0;11;57;173291	1.0	1.0
meo:MEO_0002534	0;2753;57;170549	1.0	1.0
meo:MEO_0002537	0;3;57;173299	1.0	1.0
meo:MEO_0002538	0;127;57;173175	1.0	1.0
meo:MEO_0002539	0;334;57;172968	1.0	1.0
meo:MEO_0002544	0;1;57;173301	1.0	1.0
meo:MEO_0002546	0;2689;57;170613	1.0	1.0
meo:MEO_0002547	0;1015;57;172287	1.0	1.0
meo:MEO_0002548	0;16720;57;156582	1.0	1.0
meo:MEO_0002549	0;274;57;173028	1.0	1.0
meo:MEO_0002552	0;33;57;173269	1.0	1.0
meo:MEO_0002554	0;3;57;173299	1.0	1.0
meo:MEO_0002589	0;1;57;173301	1.0	1.0
meo:MEO_0002601	0;137;57;173165	1.0	1.0
meo:MEO_0002604	0;51;57;173251	1.0	1.0
meo:MEO_0002610	0;1;57;173301	1.0	1.0
meo:MEO_0002628	0;1;57;173301	1.0	1.0
meo:MEO_0002630	0;9;57;173293	1.0	1.0
meo:MEO_0002631	0;14;57;173288	1.0	1.0
meo:MEO_0002632	0;2456;57;170846	1.0	1.0
meo:MEO_0002633	0;2335;57;170967	1.0	1.0
meo:MEO_0002640	0;46;57;173256	1.0	1.0
meo:MEO_0002641	0;5;57;173297	1.0	1.0
meo:MEO_0002642	0;3;57;173299	1.0	1.0
meo:MEO_0002643	0;17;57;173285	1.0	1.0
meo:MEO_0002644	0;13;57;173289	1.0	1.0
meo:MEO_0002645	0;147;57;173155	1.0	1.0
meo:MEO_0002646	0;29;57;173273	1.0	1.0
meo:MEO_0002647	0;459;57;172843	1.0	1.0
meo:MEO_0002651	0;108;57;173194	1.0	1.0
meo:MEO_0002652	0;95;57;173207	1.0	1.0
meo:MEO_0002654	0;64;57;173238	1.0	1.0
meo:MEO_0002657	0;415;57;172887	1.0	1.0
meo:MEO_0002658	0;3377;57;169925	1.0	1.0
meo:MEO_0002661	0;76;57;173226	1.0	1.0
meo:MEO_0002663	0;51;57;173251	1.0	1.0
meo:MEO_0002664	0;14;57;173288	1.0	1.0
meo:MEO_0002666	0;1;57;173301	1.0	1.0
meo:MEO_0002667	0;1;57;173301	1.0	1.0
meo:MEO_0002668	0;50;57;173252	1.0	1.0
meo:MEO_0002669	0;7;57;173295	1.0	1.0
meo:MEO_0002670	0;4;57;173298	1.0	1.0
meo:MEO_0002671	0;4;57;173298	1.0	1.0
meo:MEO_0002672	0;25;57;173277	1.0	1.0
meo:MEO_0002673	0;6;57;173296	1.0	1.0
meo:MEO_0002674	0;2;57;173300	1.0	1.0
meo:MEO_0002675	0;10;57;173292	1.0	1.0
meo:MEO_0002676	0;1;57;173301	1.0	1.0
meo:MEO_0002677	0;1;57;173301	1.0	1.0
meo:MEO_0002678	0;8;57;173294	1.0	1.0
meo:MEO_0003046	0;5;57;173297	1.0	1.0
